<?xml version="1.0" encoding="UTF-8"?>
<testng-results ignored="0" total="2" passed="2" failed="0" skipped="0">
  <reporter-output>
  </reporter-output>
  <suite started-at="2023-01-09T08:13:04 IST" name="Suite" finished-at="2023-01-09T08:13:38 IST" duration-ms="34224">
    <groups>
    </groups>
    <test started-at="2023-01-09T08:13:04 IST" name="Test" finished-at="2023-01-09T08:13:38 IST" duration-ms="34224">
      <class name="TestScripts.DashboardTest">
        <test-method is-config="true" signature="setup()[pri:0, instance:TestScripts.DashboardTest@2b662a77]" started-at="2023-01-09T08:13:04 IST" name="setup" finished-at="2023-01-09T08:13:13 IST" duration-ms="9153" status="PASS">
          <reporter-output>
          </reporter-output>
        </test-method> <!-- setup -->
        <test-method signature="loginTest()[pri:1, instance:TestScripts.DashboardTest@2b662a77]" started-at="2023-01-09T08:13:13 IST" name="loginTest" finished-at="2023-01-09T08:13:14 IST" duration-ms="1085" status="PASS">
          <reporter-output>
          </reporter-output>
        </test-method> <!-- loginTest -->
        <test-method signature="DashBoardTest()[pri:2, instance:TestScripts.DashboardTest@2b662a77]" started-at="2023-01-09T08:13:14 IST" name="DashBoardTest" finished-at="2023-01-09T08:13:37 IST" duration-ms="22679" status="PASS">
          <reporter-output>
          </reporter-output>
        </test-method> <!-- DashBoardTest -->
        <test-method is-config="true" signature="afterTest()[pri:0, instance:TestScripts.DashboardTest@2b662a77]" started-at="2023-01-09T08:13:37 IST" name="afterTest" finished-at="2023-01-09T08:13:38 IST" duration-ms="1206" status="PASS">
          <reporter-output>
          </reporter-output>
        </test-method> <!-- afterTest -->
      </class> <!-- TestScripts.DashboardTest -->
    </test> <!-- Test -->
  </suite> <!-- Suite -->
</testng-results>
